<?xml version="1.0" encoding="UTF-8"?>
<testsuite name="model.FirefighterBoardTest" tests="4" skipped="0" failures="0" errors="0" timestamp="2024-11-29T10:22:49" hostname="V-PP-47-L-033" time="0.357">
  <properties/>
  <testcase name="testColumnCount()" classname="model.FirefighterBoardTest" time="0.104"/>
  <testcase name="testGetState_afterSet()" classname="model.FirefighterBoardTest" time="0.013"/>
  <testcase name="testRowCount()" classname="model.FirefighterBoardTest" time="0.001"/>
  <testcase name="testStepNumber()" classname="model.FirefighterBoardTest" time="0.235"/>
  <system-out><![CDATA[]]></system-out>
  <system-err><![CDATA[]]></system-err>
</testsuite>
